TN:
SF:src\components\BottomNavigationBar.tsx
FN:21,(anonymous_0)
FN:30,(anonymous_1)
FN:36,(anonymous_2)
FN:44,(anonymous_3)
FNF:4
FNH:4
FNDA:31,(anonymous_0)
FNDA:124,(anonymous_1)
FNDA:124,(anonymous_2)
FNDA:4,(anonymous_3)
DA:21,3
DA:26,31
DA:27,31
DA:28,31
DA:30,31
DA:31,124
DA:34,31
DA:37,124
DA:38,124
DA:40,124
DA:44,4
DA:58,3
LF:12
LH:12
BRDA:23,0,0,31
BRDA:24,1,0,31
BRDA:38,2,0,31
BRDA:38,2,1,93
BRDA:38,3,0,124
BRDA:38,3,1,31
BRDA:49,4,0,31
BRDA:49,4,1,93
BRF:8
BRH:8
end_of_record
TN:
SF:src\components\CustomButton.tsx
FN:14,(anonymous_0)
FNF:1
FNH:1
FNDA:59,(anonymous_0)
DA:14,3
DA:22,59
DA:31,59
DA:38,59
DA:54,3
LF:5
LH:5
BRDA:17,0,0,39
BRDA:18,1,0,43
BRDA:19,2,0,45
BRDA:24,3,0,59
BRDA:24,3,1,39
BRDA:25,4,0,59
BRDA:25,4,1,1
BRDA:26,5,0,59
BRDA:26,5,1,19
BRDA:27,6,0,59
BRDA:27,6,1,12
BRDA:33,7,0,59
BRDA:33,7,1,39
BRDA:34,8,0,59
BRDA:34,8,1,1
BRDA:35,9,0,59
BRDA:35,9,1,19
BRDA:42,10,0,59
BRDA:42,10,1,47
BRDA:45,11,0,0
BRDA:45,11,1,59
BRDA:46,12,0,0
BRDA:46,12,1,0
BRF:23
BRH:20
end_of_record
TN:
SF:src\components\MoodSelector.tsx
FN:19,(anonymous_0)
FN:22,(anonymous_1)
FN:38,(anonymous_2)
FNF:3
FNH:3
FNDA:8,(anonymous_0)
FNDA:32,(anonymous_1)
FNDA:8,(anonymous_2)
DA:12,1
DA:19,1
DA:20,8
DA:24,32
DA:25,32
DA:26,24
DA:27,16
DA:28,8
DA:30,32
DA:38,8
DA:50,1
LF:11
LH:11
BRDA:25,0,0,8
BRDA:25,0,1,24
BRDA:26,1,0,8
BRDA:26,1,1,16
BRDA:27,2,0,8
BRDA:27,2,1,8
BRDA:28,3,0,8
BRDA:28,3,1,0
BRDA:36,4,0,32
BRDA:36,4,1,2
BRF:10
BRH:9
end_of_record
TN:
SF:src\config\firebase.ts
FNF:0
FNH:0
DA:13,0
DA:14,0
DA:17,0
LF:3
LH:0
BRF:0
BRH:0
end_of_record
TN:
SF:src\constants\colors.ts
FNF:0
FNH:0
DA:1,7
LF:1
LH:1
BRF:0
BRH:0
end_of_record
TN:
SF:src\constants\data.ts
FNF:0
FNH:0
DA:3,2
DA:34,2
LF:2
LH:2
BRF:0
BRH:0
end_of_record
TN:
SF:src\screens\LoginScreen.tsx
FN:8,(anonymous_0)
FN:11,(anonymous_1)
FN:17,(anonymous_2)
FNF:3
FNH:3
FNDA:6,(anonymous_0)
FNDA:1,(anonymous_1)
FNDA:1,(anonymous_2)
DA:8,1
DA:9,6
DA:11,6
DA:14,1
DA:17,6
DA:19,1
DA:22,6
DA:70,1
LF:8
LH:8
BRF:0
BRH:0
end_of_record
TN:
SF:src\screens\OnboardingScreen.tsx
FN:10,(anonymous_0)
FN:53,(anonymous_1)
FN:63,(anonymous_2)
FN:71,(anonymous_3)
FN:75,(anonymous_4)
FN:96,(anonymous_5)
FN:124,(anonymous_6)
FN:152,(anonymous_7)
FN:157,(anonymous_8)
FNF:9
FNH:9
FNDA:18,(anonymous_0)
FNDA:7,(anonymous_1)
FNDA:1,(anonymous_2)
FNDA:1,(anonymous_3)
FNDA:36,(anonymous_4)
FNDA:54,(anonymous_5)
FNDA:54,(anonymous_6)
FNDA:36,(anonymous_7)
FNDA:36,(anonymous_8)
DA:8,1
DA:10,1
DA:11,18
DA:12,18
DA:13,18
DA:15,18
DA:53,18
DA:54,7
DA:55,6
DA:56,6
DA:57,6
DA:59,1
DA:63,18
DA:64,1
DA:65,1
DA:66,1
DA:67,1
DA:71,18
DA:72,1
DA:75,18
DA:76,36
DA:77,18
DA:92,18
DA:97,54
DA:125,54
DA:143,18
DA:152,36
DA:158,36
DA:194,1
LF:29
LH:29
BRDA:54,0,0,6
BRDA:54,0,1,1
BRDA:64,1,0,1
BRDA:64,1,1,0
BRDA:76,2,0,18
BRDA:76,2,1,18
BRDA:101,3,0,54
BRDA:101,3,1,18
BRDA:110,4,0,54
BRDA:110,4,1,0
BRDA:162,5,0,36
BRDA:162,5,1,18
BRDA:168,6,0,12
BRDA:168,6,1,6
BRDA:184,7,0,6
BRDA:184,7,1,12
BRF:16
BRH:14
end_of_record
TN:
SF:src\screens\user\MoodCheckInScreen.tsx
FN:21,(anonymous_0)
FN:29,(anonymous_1)
FN:73,(anonymous_2)
FN:103,(anonymous_3)
FN:110,(anonymous_4)
FN:127,(anonymous_5)
FNF:6
FNH:6
FNDA:16,(anonymous_0)
FNDA:3,(anonymous_1)
FNDA:1,(anonymous_2)
FNDA:96,(anonymous_3)
FNDA:4,(anonymous_4)
FNDA:6,(anonymous_5)
DA:12,1
DA:21,1
DA:22,16
DA:23,16
DA:24,16
DA:27,16
DA:29,16
DA:30,3
DA:31,1
DA:32,1
DA:35,2
DA:36,2
DA:38,2
DA:45,2
DA:48,0
DA:50,2
DA:51,2
DA:53,2
DA:57,16
DA:73,1
DA:104,96
DA:110,4
DA:127,6
DA:152,1
LF:24
LH:23
BRDA:30,0,0,1
BRDA:30,0,1,2
BRDA:108,1,0,96
BRDA:108,1,1,6
BRDA:123,2,0,16
BRDA:123,2,1,6
BRF:6
BRH:6
end_of_record
TN:
SF:src\screens\user\UserDashboard.tsx
FN:17,(anonymous_0)
FN:47,(anonymous_1)
FN:51,(anonymous_2)
FN:69,(anonymous_3)
FN:82,(anonymous_4)
FN:102,(anonymous_5)
FN:131,(anonymous_6)
FN:136,(anonymous_7)
FN:149,(anonymous_8)
FN:179,(anonymous_9)
FN:183,(anonymous_10)
FNF:11
FNH:7
FNDA:26,(anonymous_0)
FNDA:0,(anonymous_1)
FNDA:0,(anonymous_2)
FNDA:2,(anonymous_3)
FNDA:1,(anonymous_4)
FNDA:0,(anonymous_5)
FNDA:1,(anonymous_6)
FNDA:104,(anonymous_7)
FNDA:0,(anonymous_8)
FNDA:104,(anonymous_9)
FNDA:5,(anonymous_10)
DA:17,2
DA:18,26
DA:19,26
DA:21,26
DA:23,26
DA:30,26
DA:47,0
DA:51,0
DA:69,2
DA:82,1
DA:102,0
DA:131,1
DA:138,104
DA:145,104
DA:149,0
DA:180,104
DA:183,5
DA:198,2
LF:18
LH:14
BRDA:99,0,0,26
BRDA:99,0,1,26
BRF:2
BRH:2
end_of_record
